<?xml version="1.0" encoding="UTF-8"?>
<!-- Generated by org.testng.reporters.JUnitReportReporter -->
<testsuite hostname="ACER" failures="0" tests="2" name="Runner.LoginRunner" time="0.134" errors="0" timestamp="2023-04-12T16:05:14 IST" skipped="0">
  <testcase classname="Runner.LoginRunner" name="runScenario" time="0.124"/>
  <system-out/>
  <testcase classname="Runner.LoginRunner" name="runScenario" time="0.010"/>
  <system-out/>
</testsuite> <!-- Runner.LoginRunner -->
